<?xml version="1.0" encoding="UTF-8"?>
<!-- Generated by org.testng.reporters.JUnitXMLReporter -->
<testsuite hostname="YitongdeMBP" ignored="0" name="Default test" tests="6" failures="0" timestamp="2020-11-19T11:48:13 EST" time="136.275" errors="0">
  <testcase name="testLoginNE" time="15.081" classname="com.org.learningMaven.Selenium4"/>
  <testcase name="testAddFav" time="19.965" classname="com.org.learningMaven.Selenium4"/>
  <testcase name="testLogin" time="11.659" classname="com.org.learningMaven.Selenium4"/>
  <testcase name="testCart" time="39.258" classname="com.org.learningMaven.Selenium4"/>
  <testcase name="testLoginNECourse" time="16.854" classname="com.org.learningMaven.Selenium4"/>
  <testcase name="testCourse" time="33.345" classname="com.org.learningMaven.Selenium4"/>
</testsuite> <!-- Default test -->
